<?xml version="1.0" encoding="UTF-8"?>
<!-- Generated by org.testng.reporters.JUnitReportReporter -->
<testsuite hostname="LAPTOP-DFPIE4O8" name="practice.basics" tests="1" failures="0" timestamp="10 Aug 2019 05:15:01 GMT" time="5.951" errors="0">
  <testcase name="test" time="5.951" classname="practice.basics"/>
</testsuite> <!-- practice.basics -->
