<?xml version="1.0" encoding="UTF-8"?>
<!-- Generated by org.testng.reporters.JUnitReportReporter -->
<testsuite hostname="LAPTOP-DFPIE4O8" name="practice.basics3" tests="1" failures="0" timestamp="10 Aug 2019 06:49:55 GMT" time="2.016" errors="0">
  <testcase name="AddandDeletePlace" time="2.016" classname="practice.basics3"/>
</testsuite> <!-- practice.basics3 -->
