<?xml version="1.0" encoding="UTF-8"?>
<!-- Generated by org.testng.reporters.JUnitReportReporter -->
<testsuite hostname="LAPTOP-DFPIE4O8" name="practice.basics2" tests="1" failures="0" timestamp="10 Aug 2019 05:33:32 GMT" time="1.961" errors="0">
  <testcase name="createPlaceAPI" time="1.961" classname="practice.basics2"/>
</testsuite> <!-- practice.basics2 -->
