<?xml version="1.0" encoding="UTF-8"?>
<!-- Generated by org.testng.reporters.JUnitReportReporter -->
<testsuite hostname="LAPTOP-DFPIE4O8" name="practice.basics5Logimplementation" tests="1" failures="0" timestamp="11 Aug 2019 07:41:18 GMT" time="3.770" errors="0">
  <testcase name="test" time="3.770" classname="practice.basics5Logimplementation"/>
</testsuite> <!-- practice.basics5Logimplementation -->
