<?xml version="1.0" encoding="UTF-8"?>
<!-- Generated by org.testng.reporters.JUnitReportReporter -->
<testsuite hostname="LAPTOP-DFPIE4O8" name="practice.optimizingbasics3" tests="1" failures="0" timestamp="10 Aug 2019 07:32:49 GMT" time="2.124" errors="0">
  <testcase name="AddandDeletePlace" time="2.124" classname="practice.optimizingbasics3"/>
</testsuite> <!-- practice.optimizingbasics3 -->
