<?xml version="1.0" encoding="UTF-8"?>
<!-- Generated by org.testng.reporters.JUnitReportReporter -->
<testsuite hostname="LAPTOP-DFPIE4O8" name="practice.basics5" tests="1" failures="0" timestamp="11 Aug 2019 07:25:40 GMT" time="2.979" errors="0">
  <testcase name="test" time="2.979" classname="practice.basics5"/>
</testsuite> <!-- practice.basics5 -->
